<?xml version="1.0" encoding="UTF-8"?>
<!-- Generated by org.testng.reporters.JUnitReportReporter -->
<testsuite hostname="DESKTOP-6JFRVIK" failures="0" tests="6" name="SamTest" time="12.740" errors="0" timestamp="2024-01-23T16:52:15 IST" skipped="1">
  <testcase classname="SamTest" name="tc10" time="1.854"/>
  <system-out/>
  <testcase classname="SamTest" name="tc2" time="0.796"/>
  <system-out/>
  <testcase classname="SamTest" name="tc9" time="5.176"/>
  <system-out/>
  <testcase classname="SamTest" name="tc2" time="4.092"/>
  <system-out/>
  <testcase classname="SamTest" name="tc2" time="0.822"/>
  <system-out/>
  <testcase classname="SamTest" name="tc4">
    <skipped/>
  </testcase> <!-- tc4 -->
  <system-out/>
</testsuite> <!-- SamTest -->
