<?xml version="1.0" encoding="UTF-8"?>
<!-- Generated by org.testng.reporters.JUnitReportReporter -->
<testsuite hostname="DESKTOP-6JFRVIK" failures="0" tests="3" name="B" time="0.011" errors="0" timestamp="2024-01-23T12:49:09 IST" skipped="0">
  <testcase classname="B" name="tc22" time="0.001"/>
  <system-out/>
  <testcase classname="B" name="tc11" time="0.010"/>
  <system-out/>
  <testcase classname="B" name="tc33" time="0.000"/>
  <system-out/>
</testsuite> <!-- B -->
