<?xml version="1.0" encoding="UTF-8"?>
<!-- Generated by org.testng.reporters.JUnitReportReporter -->
<testsuite hostname="DESKTOP-6JFRVIK" failures="0" tests="5" name="org.testing.annotations.SampleTest" time="9.313" errors="0" timestamp="2024-01-23T12:11:12 IST" skipped="1">
  <testcase classname="org.testing.annotations.SampleTest" name="tc9" time="3.809"/>
  <system-out/>
  <testcase classname="org.testing.annotations.SampleTest" name="tc2" time="3.523"/>
  <system-out/>
  <testcase classname="org.testing.annotations.SampleTest" name="tc2" time="0.977"/>
  <system-out/>
  <testcase classname="org.testing.annotations.SampleTest" name="tc2" time="1.004"/>
  <system-out/>
  <testcase classname="org.testing.annotations.SampleTest" name="tc4">
    <skipped/>
  </testcase> <!-- tc4 -->
  <system-out/>
</testsuite> <!-- org.testing.annotations.SampleTest -->
