<?xml version="1.0" encoding="UTF-8"?>
<!-- Generated by org.testng.reporters.JUnitReportReporter -->
<testsuite hostname="DESKTOP-6JFRVIK" failures="0" tests="6" name="SampleTest1" time="0.016" errors="0" timestamp="2024-01-23T12:28:27 IST" skipped="0">
  <testcase classname="SampleTest1" name="tc4" time="0.009"/>
  <system-out/>
  <testcase classname="SampleTest1" name="tc3" time="0.002"/>
  <system-out/>
  <testcase classname="SampleTest1" name="tc5" time="0.001"/>
  <system-out/>
  <testcase classname="SampleTest1" name="tc6" time="0.001"/>
  <system-out/>
  <testcase classname="SampleTest1" name="tc2" time="0.002"/>
  <system-out/>
  <testcase classname="SampleTest1" name="tc1" time="0.001"/>
  <system-out/>
</testsuite> <!-- SampleTest1 -->
